Created by PLY (http://www.dabeaz.com/ply)

Grammar

Rule 0     S' -> statement
Rule 1     statement -> expression
Rule 2     statement -> ID ASSIGN NUMBER SEMICOLON
Rule 3     statement -> ID ASSIGN FLOAT SEMICOLON
Rule 4     statement -> IF LPAREN expression RPAREN LBRACE statement RBRACE ELSE LBRACE statement RBRACE
Rule 5     statement -> WHILE LPAREN expression RPAREN LBRACE statement RBRACE
Rule 6     statement -> DO LBRACE statement RBRACE WHILE LPAREN expression RPAREN SEMICOLON
Rule 7     statement -> FOR LPAREN statement expression RPAREN LBRACE statement RBRACE
Rule 8     statement -> error SEMICOLON
Rule 9     expression -> error SEMICOLON
Rule 10    expression -> expression PLUS expression
Rule 11    expression -> expression MINUS expression
Rule 12    expression -> expression TIMES expression
Rule 13    expression -> expression DIVIDE expression
Rule 14    expression -> expression MOD expression
Rule 15    expression -> expression LT expression
Rule 16    expression -> expression LE expression
Rule 17    expression -> expression GT expression
Rule 18    expression -> expression GE expression
Rule 19    expression -> expression EQ expression
Rule 20    expression -> expression NE expression
Rule 21    expression -> LPAREN expression RPAREN
Rule 22    expression -> NUMBER
Rule 23    expression -> FLOAT
Rule 24    expression -> ID
Rule 25    expression -> STRING

Terminals, with rules where they appear

ASSIGN               : 2 3
DIVIDE               : 13
DO                   : 6
ELSE                 : 4
EQ                   : 19
FLOAT                : 3 23
FOR                  : 7
GE                   : 18
GT                   : 17
ID                   : 2 3 24
IF                   : 4
LBRACE               : 4 4 5 6 7
LE                   : 16
LPAREN               : 4 5 6 7 21
LT                   : 15
MINUS                : 11
MOD                  : 14
NE                   : 20
NUMBER               : 2 22
PLUS                 : 10
RBRACE               : 4 4 5 6 7
RPAREN               : 4 5 6 7 21
SEMICOLON            : 2 3 6 8 9
STRING               : 25
TIMES                : 12
WHILE                : 5 6
error                : 8 9

Nonterminals, with rules where they appear

expression           : 1 4 5 6 7 10 10 11 11 12 12 13 13 14 14 15 15 16 16 17 17 18 18 19 19 20 20 21
statement            : 4 4 5 6 7 7 0


state 0

    (0) S' -> . statement
    (1) statement -> . expression
    (2) statement -> . ID ASSIGN NUMBER SEMICOLON
    (3) statement -> . ID ASSIGN FLOAT SEMICOLON
    (4) statement -> . IF LPAREN expression RPAREN LBRACE statement RBRACE ELSE LBRACE statement RBRACE
    (5) statement -> . WHILE LPAREN expression RPAREN LBRACE statement RBRACE
    (6) statement -> . DO LBRACE statement RBRACE WHILE LPAREN expression RPAREN SEMICOLON
    (7) statement -> . FOR LPAREN statement expression RPAREN LBRACE statement RBRACE
    (8) statement -> . error SEMICOLON
    (9) expression -> . error SEMICOLON
    (10) expression -> . expression PLUS expression
    (11) expression -> . expression MINUS expression
    (12) expression -> . expression TIMES expression
    (13) expression -> . expression DIVIDE expression
    (14) expression -> . expression MOD expression
    (15) expression -> . expression LT expression
    (16) expression -> . expression LE expression
    (17) expression -> . expression GT expression
    (18) expression -> . expression GE expression
    (19) expression -> . expression EQ expression
    (20) expression -> . expression NE expression
    (21) expression -> . LPAREN expression RPAREN
    (22) expression -> . NUMBER
    (23) expression -> . FLOAT
    (24) expression -> . ID
    (25) expression -> . STRING

    ID              shift and go to state 3
    IF              shift and go to state 6
    WHILE           shift and go to state 8
    DO              shift and go to state 9
    FOR             shift and go to state 10
    error           shift and go to state 11
    LPAREN          shift and go to state 7
    NUMBER          shift and go to state 4
    FLOAT           shift and go to state 5
    STRING          shift and go to state 12

    statement                      shift and go to state 1
    expression                     shift and go to state 2

state 1

    (0) S' -> statement .



state 2

    (1) statement -> expression .
    (10) expression -> expression . PLUS expression
    (11) expression -> expression . MINUS expression
    (12) expression -> expression . TIMES expression
    (13) expression -> expression . DIVIDE expression
    (14) expression -> expression . MOD expression
    (15) expression -> expression . LT expression
    (16) expression -> expression . LE expression
    (17) expression -> expression . GT expression
    (18) expression -> expression . GE expression
    (19) expression -> expression . EQ expression
    (20) expression -> expression . NE expression

    $end            reduce using rule 1 (statement -> expression .)
    RBRACE          reduce using rule 1 (statement -> expression .)
    error           reduce using rule 1 (statement -> expression .)
    LPAREN          reduce using rule 1 (statement -> expression .)
    NUMBER          reduce using rule 1 (statement -> expression .)
    FLOAT           reduce using rule 1 (statement -> expression .)
    ID              reduce using rule 1 (statement -> expression .)
    STRING          reduce using rule 1 (statement -> expression .)
    PLUS            shift and go to state 13
    MINUS           shift and go to state 14
    TIMES           shift and go to state 15
    DIVIDE          shift and go to state 16
    MOD             shift and go to state 17
    LT              shift and go to state 18
    LE              shift and go to state 19
    GT              shift and go to state 20
    GE              shift and go to state 21
    EQ              shift and go to state 22
    NE              shift and go to state 23


state 3

    (2) statement -> ID . ASSIGN NUMBER SEMICOLON
    (3) statement -> ID . ASSIGN FLOAT SEMICOLON
    (24) expression -> ID .

    ASSIGN          shift and go to state 24
    PLUS            reduce using rule 24 (expression -> ID .)
    MINUS           reduce using rule 24 (expression -> ID .)
    TIMES           reduce using rule 24 (expression -> ID .)
    DIVIDE          reduce using rule 24 (expression -> ID .)
    MOD             reduce using rule 24 (expression -> ID .)
    LT              reduce using rule 24 (expression -> ID .)
    LE              reduce using rule 24 (expression -> ID .)
    GT              reduce using rule 24 (expression -> ID .)
    GE              reduce using rule 24 (expression -> ID .)
    EQ              reduce using rule 24 (expression -> ID .)
    NE              reduce using rule 24 (expression -> ID .)
    $end            reduce using rule 24 (expression -> ID .)
    RBRACE          reduce using rule 24 (expression -> ID .)
    error           reduce using rule 24 (expression -> ID .)
    LPAREN          reduce using rule 24 (expression -> ID .)
    NUMBER          reduce using rule 24 (expression -> ID .)
    FLOAT           reduce using rule 24 (expression -> ID .)
    ID              reduce using rule 24 (expression -> ID .)
    STRING          reduce using rule 24 (expression -> ID .)


state 4

    (22) expression -> NUMBER .

    PLUS            reduce using rule 22 (expression -> NUMBER .)
    MINUS           reduce using rule 22 (expression -> NUMBER .)
    TIMES           reduce using rule 22 (expression -> NUMBER .)
    DIVIDE          reduce using rule 22 (expression -> NUMBER .)
    MOD             reduce using rule 22 (expression -> NUMBER .)
    LT              reduce using rule 22 (expression -> NUMBER .)
    LE              reduce using rule 22 (expression -> NUMBER .)
    GT              reduce using rule 22 (expression -> NUMBER .)
    GE              reduce using rule 22 (expression -> NUMBER .)
    EQ              reduce using rule 22 (expression -> NUMBER .)
    NE              reduce using rule 22 (expression -> NUMBER .)
    $end            reduce using rule 22 (expression -> NUMBER .)
    RPAREN          reduce using rule 22 (expression -> NUMBER .)
    RBRACE          reduce using rule 22 (expression -> NUMBER .)
    error           reduce using rule 22 (expression -> NUMBER .)
    LPAREN          reduce using rule 22 (expression -> NUMBER .)
    NUMBER          reduce using rule 22 (expression -> NUMBER .)
    FLOAT           reduce using rule 22 (expression -> NUMBER .)
    ID              reduce using rule 22 (expression -> NUMBER .)
    STRING          reduce using rule 22 (expression -> NUMBER .)


state 5

    (23) expression -> FLOAT .

    PLUS            reduce using rule 23 (expression -> FLOAT .)
    MINUS           reduce using rule 23 (expression -> FLOAT .)
    TIMES           reduce using rule 23 (expression -> FLOAT .)
    DIVIDE          reduce using rule 23 (expression -> FLOAT .)
    MOD             reduce using rule 23 (expression -> FLOAT .)
    LT              reduce using rule 23 (expression -> FLOAT .)
    LE              reduce using rule 23 (expression -> FLOAT .)
    GT              reduce using rule 23 (expression -> FLOAT .)
    GE              reduce using rule 23 (expression -> FLOAT .)
    EQ              reduce using rule 23 (expression -> FLOAT .)
    NE              reduce using rule 23 (expression -> FLOAT .)
    $end            reduce using rule 23 (expression -> FLOAT .)
    RPAREN          reduce using rule 23 (expression -> FLOAT .)
    RBRACE          reduce using rule 23 (expression -> FLOAT .)
    error           reduce using rule 23 (expression -> FLOAT .)
    LPAREN          reduce using rule 23 (expression -> FLOAT .)
    NUMBER          reduce using rule 23 (expression -> FLOAT .)
    FLOAT           reduce using rule 23 (expression -> FLOAT .)
    ID              reduce using rule 23 (expression -> FLOAT .)
    STRING          reduce using rule 23 (expression -> FLOAT .)


state 6

    (4) statement -> IF . LPAREN expression RPAREN LBRACE statement RBRACE ELSE LBRACE statement RBRACE

    LPAREN          shift and go to state 25


state 7

    (21) expression -> LPAREN . expression RPAREN
    (9) expression -> . error SEMICOLON
    (10) expression -> . expression PLUS expression
    (11) expression -> . expression MINUS expression
    (12) expression -> . expression TIMES expression
    (13) expression -> . expression DIVIDE expression
    (14) expression -> . expression MOD expression
    (15) expression -> . expression LT expression
    (16) expression -> . expression LE expression
    (17) expression -> . expression GT expression
    (18) expression -> . expression GE expression
    (19) expression -> . expression EQ expression
    (20) expression -> . expression NE expression
    (21) expression -> . LPAREN expression RPAREN
    (22) expression -> . NUMBER
    (23) expression -> . FLOAT
    (24) expression -> . ID
    (25) expression -> . STRING

    error           shift and go to state 27
    LPAREN          shift and go to state 7
    NUMBER          shift and go to state 4
    FLOAT           shift and go to state 5
    ID              shift and go to state 28
    STRING          shift and go to state 12

    expression                     shift and go to state 26

state 8

    (5) statement -> WHILE . LPAREN expression RPAREN LBRACE statement RBRACE

    LPAREN          shift and go to state 29


state 9

    (6) statement -> DO . LBRACE statement RBRACE WHILE LPAREN expression RPAREN SEMICOLON

    LBRACE          shift and go to state 30


state 10

    (7) statement -> FOR . LPAREN statement expression RPAREN LBRACE statement RBRACE

    LPAREN          shift and go to state 31


state 11

    (8) statement -> error . SEMICOLON
    (9) expression -> error . SEMICOLON

    SEMICOLON       shift and go to state 32


state 12

    (25) expression -> STRING .

    PLUS            reduce using rule 25 (expression -> STRING .)
    MINUS           reduce using rule 25 (expression -> STRING .)
    TIMES           reduce using rule 25 (expression -> STRING .)
    DIVIDE          reduce using rule 25 (expression -> STRING .)
    MOD             reduce using rule 25 (expression -> STRING .)
    LT              reduce using rule 25 (expression -> STRING .)
    LE              reduce using rule 25 (expression -> STRING .)
    GT              reduce using rule 25 (expression -> STRING .)
    GE              reduce using rule 25 (expression -> STRING .)
    EQ              reduce using rule 25 (expression -> STRING .)
    NE              reduce using rule 25 (expression -> STRING .)
    $end            reduce using rule 25 (expression -> STRING .)
    RPAREN          reduce using rule 25 (expression -> STRING .)
    RBRACE          reduce using rule 25 (expression -> STRING .)
    error           reduce using rule 25 (expression -> STRING .)
    LPAREN          reduce using rule 25 (expression -> STRING .)
    NUMBER          reduce using rule 25 (expression -> STRING .)
    FLOAT           reduce using rule 25 (expression -> STRING .)
    ID              reduce using rule 25 (expression -> STRING .)
    STRING          reduce using rule 25 (expression -> STRING .)


state 13

    (10) expression -> expression PLUS . expression
    (9) expression -> . error SEMICOLON
    (10) expression -> . expression PLUS expression
    (11) expression -> . expression MINUS expression
    (12) expression -> . expression TIMES expression
    (13) expression -> . expression DIVIDE expression
    (14) expression -> . expression MOD expression
    (15) expression -> . expression LT expression
    (16) expression -> . expression LE expression
    (17) expression -> . expression GT expression
    (18) expression -> . expression GE expression
    (19) expression -> . expression EQ expression
    (20) expression -> . expression NE expression
    (21) expression -> . LPAREN expression RPAREN
    (22) expression -> . NUMBER
    (23) expression -> . FLOAT
    (24) expression -> . ID
    (25) expression -> . STRING

    error           shift and go to state 27
    LPAREN          shift and go to state 7
    NUMBER          shift and go to state 4
    FLOAT           shift and go to state 5
    ID              shift and go to state 28
    STRING          shift and go to state 12

    expression                     shift and go to state 33

state 14

    (11) expression -> expression MINUS . expression
    (9) expression -> . error SEMICOLON
    (10) expression -> . expression PLUS expression
    (11) expression -> . expression MINUS expression
    (12) expression -> . expression TIMES expression
    (13) expression -> . expression DIVIDE expression
    (14) expression -> . expression MOD expression
    (15) expression -> . expression LT expression
    (16) expression -> . expression LE expression
    (17) expression -> . expression GT expression
    (18) expression -> . expression GE expression
    (19) expression -> . expression EQ expression
    (20) expression -> . expression NE expression
    (21) expression -> . LPAREN expression RPAREN
    (22) expression -> . NUMBER
    (23) expression -> . FLOAT
    (24) expression -> . ID
    (25) expression -> . STRING

    error           shift and go to state 27
    LPAREN          shift and go to state 7
    NUMBER          shift and go to state 4
    FLOAT           shift and go to state 5
    ID              shift and go to state 28
    STRING          shift and go to state 12

    expression                     shift and go to state 34

state 15

    (12) expression -> expression TIMES . expression
    (9) expression -> . error SEMICOLON
    (10) expression -> . expression PLUS expression
    (11) expression -> . expression MINUS expression
    (12) expression -> . expression TIMES expression
    (13) expression -> . expression DIVIDE expression
    (14) expression -> . expression MOD expression
    (15) expression -> . expression LT expression
    (16) expression -> . expression LE expression
    (17) expression -> . expression GT expression
    (18) expression -> . expression GE expression
    (19) expression -> . expression EQ expression
    (20) expression -> . expression NE expression
    (21) expression -> . LPAREN expression RPAREN
    (22) expression -> . NUMBER
    (23) expression -> . FLOAT
    (24) expression -> . ID
    (25) expression -> . STRING

    error           shift and go to state 27
    LPAREN          shift and go to state 7
    NUMBER          shift and go to state 4
    FLOAT           shift and go to state 5
    ID              shift and go to state 28
    STRING          shift and go to state 12

    expression                     shift and go to state 35

state 16

    (13) expression -> expression DIVIDE . expression
    (9) expression -> . error SEMICOLON
    (10) expression -> . expression PLUS expression
    (11) expression -> . expression MINUS expression
    (12) expression -> . expression TIMES expression
    (13) expression -> . expression DIVIDE expression
    (14) expression -> . expression MOD expression
    (15) expression -> . expression LT expression
    (16) expression -> . expression LE expression
    (17) expression -> . expression GT expression
    (18) expression -> . expression GE expression
    (19) expression -> . expression EQ expression
    (20) expression -> . expression NE expression
    (21) expression -> . LPAREN expression RPAREN
    (22) expression -> . NUMBER
    (23) expression -> . FLOAT
    (24) expression -> . ID
    (25) expression -> . STRING

    error           shift and go to state 27
    LPAREN          shift and go to state 7
    NUMBER          shift and go to state 4
    FLOAT           shift and go to state 5
    ID              shift and go to state 28
    STRING          shift and go to state 12

    expression                     shift and go to state 36

state 17

    (14) expression -> expression MOD . expression
    (9) expression -> . error SEMICOLON
    (10) expression -> . expression PLUS expression
    (11) expression -> . expression MINUS expression
    (12) expression -> . expression TIMES expression
    (13) expression -> . expression DIVIDE expression
    (14) expression -> . expression MOD expression
    (15) expression -> . expression LT expression
    (16) expression -> . expression LE expression
    (17) expression -> . expression GT expression
    (18) expression -> . expression GE expression
    (19) expression -> . expression EQ expression
    (20) expression -> . expression NE expression
    (21) expression -> . LPAREN expression RPAREN
    (22) expression -> . NUMBER
    (23) expression -> . FLOAT
    (24) expression -> . ID
    (25) expression -> . STRING

    error           shift and go to state 27
    LPAREN          shift and go to state 7
    NUMBER          shift and go to state 4
    FLOAT           shift and go to state 5
    ID              shift and go to state 28
    STRING          shift and go to state 12

    expression                     shift and go to state 37

state 18

    (15) expression -> expression LT . expression
    (9) expression -> . error SEMICOLON
    (10) expression -> . expression PLUS expression
    (11) expression -> . expression MINUS expression
    (12) expression -> . expression TIMES expression
    (13) expression -> . expression DIVIDE expression
    (14) expression -> . expression MOD expression
    (15) expression -> . expression LT expression
    (16) expression -> . expression LE expression
    (17) expression -> . expression GT expression
    (18) expression -> . expression GE expression
    (19) expression -> . expression EQ expression
    (20) expression -> . expression NE expression
    (21) expression -> . LPAREN expression RPAREN
    (22) expression -> . NUMBER
    (23) expression -> . FLOAT
    (24) expression -> . ID
    (25) expression -> . STRING

    error           shift and go to state 27
    LPAREN          shift and go to state 7
    NUMBER          shift and go to state 4
    FLOAT           shift and go to state 5
    ID              shift and go to state 28
    STRING          shift and go to state 12

    expression                     shift and go to state 38

state 19

    (16) expression -> expression LE . expression
    (9) expression -> . error SEMICOLON
    (10) expression -> . expression PLUS expression
    (11) expression -> . expression MINUS expression
    (12) expression -> . expression TIMES expression
    (13) expression -> . expression DIVIDE expression
    (14) expression -> . expression MOD expression
    (15) expression -> . expression LT expression
    (16) expression -> . expression LE expression
    (17) expression -> . expression GT expression
    (18) expression -> . expression GE expression
    (19) expression -> . expression EQ expression
    (20) expression -> . expression NE expression
    (21) expression -> . LPAREN expression RPAREN
    (22) expression -> . NUMBER
    (23) expression -> . FLOAT
    (24) expression -> . ID
    (25) expression -> . STRING

    error           shift and go to state 27
    LPAREN          shift and go to state 7
    NUMBER          shift and go to state 4
    FLOAT           shift and go to state 5
    ID              shift and go to state 28
    STRING          shift and go to state 12

    expression                     shift and go to state 39

state 20

    (17) expression -> expression GT . expression
    (9) expression -> . error SEMICOLON
    (10) expression -> . expression PLUS expression
    (11) expression -> . expression MINUS expression
    (12) expression -> . expression TIMES expression
    (13) expression -> . expression DIVIDE expression
    (14) expression -> . expression MOD expression
    (15) expression -> . expression LT expression
    (16) expression -> . expression LE expression
    (17) expression -> . expression GT expression
    (18) expression -> . expression GE expression
    (19) expression -> . expression EQ expression
    (20) expression -> . expression NE expression
    (21) expression -> . LPAREN expression RPAREN
    (22) expression -> . NUMBER
    (23) expression -> . FLOAT
    (24) expression -> . ID
    (25) expression -> . STRING

    error           shift and go to state 27
    LPAREN          shift and go to state 7
    NUMBER          shift and go to state 4
    FLOAT           shift and go to state 5
    ID              shift and go to state 28
    STRING          shift and go to state 12

    expression                     shift and go to state 40

state 21

    (18) expression -> expression GE . expression
    (9) expression -> . error SEMICOLON
    (10) expression -> . expression PLUS expression
    (11) expression -> . expression MINUS expression
    (12) expression -> . expression TIMES expression
    (13) expression -> . expression DIVIDE expression
    (14) expression -> . expression MOD expression
    (15) expression -> . expression LT expression
    (16) expression -> . expression LE expression
    (17) expression -> . expression GT expression
    (18) expression -> . expression GE expression
    (19) expression -> . expression EQ expression
    (20) expression -> . expression NE expression
    (21) expression -> . LPAREN expression RPAREN
    (22) expression -> . NUMBER
    (23) expression -> . FLOAT
    (24) expression -> . ID
    (25) expression -> . STRING

    error           shift and go to state 27
    LPAREN          shift and go to state 7
    NUMBER          shift and go to state 4
    FLOAT           shift and go to state 5
    ID              shift and go to state 28
    STRING          shift and go to state 12

    expression                     shift and go to state 41

state 22

    (19) expression -> expression EQ . expression
    (9) expression -> . error SEMICOLON
    (10) expression -> . expression PLUS expression
    (11) expression -> . expression MINUS expression
    (12) expression -> . expression TIMES expression
    (13) expression -> . expression DIVIDE expression
    (14) expression -> . expression MOD expression
    (15) expression -> . expression LT expression
    (16) expression -> . expression LE expression
    (17) expression -> . expression GT expression
    (18) expression -> . expression GE expression
    (19) expression -> . expression EQ expression
    (20) expression -> . expression NE expression
    (21) expression -> . LPAREN expression RPAREN
    (22) expression -> . NUMBER
    (23) expression -> . FLOAT
    (24) expression -> . ID
    (25) expression -> . STRING

    error           shift and go to state 27
    LPAREN          shift and go to state 7
    NUMBER          shift and go to state 4
    FLOAT           shift and go to state 5
    ID              shift and go to state 28
    STRING          shift and go to state 12

    expression                     shift and go to state 42

state 23

    (20) expression -> expression NE . expression
    (9) expression -> . error SEMICOLON
    (10) expression -> . expression PLUS expression
    (11) expression -> . expression MINUS expression
    (12) expression -> . expression TIMES expression
    (13) expression -> . expression DIVIDE expression
    (14) expression -> . expression MOD expression
    (15) expression -> . expression LT expression
    (16) expression -> . expression LE expression
    (17) expression -> . expression GT expression
    (18) expression -> . expression GE expression
    (19) expression -> . expression EQ expression
    (20) expression -> . expression NE expression
    (21) expression -> . LPAREN expression RPAREN
    (22) expression -> . NUMBER
    (23) expression -> . FLOAT
    (24) expression -> . ID
    (25) expression -> . STRING

    error           shift and go to state 27
    LPAREN          shift and go to state 7
    NUMBER          shift and go to state 4
    FLOAT           shift and go to state 5
    ID              shift and go to state 28
    STRING          shift and go to state 12

    expression                     shift and go to state 43

state 24

    (2) statement -> ID ASSIGN . NUMBER SEMICOLON
    (3) statement -> ID ASSIGN . FLOAT SEMICOLON

    NUMBER          shift and go to state 44
    FLOAT           shift and go to state 45


state 25

    (4) statement -> IF LPAREN . expression RPAREN LBRACE statement RBRACE ELSE LBRACE statement RBRACE
    (9) expression -> . error SEMICOLON
    (10) expression -> . expression PLUS expression
    (11) expression -> . expression MINUS expression
    (12) expression -> . expression TIMES expression
    (13) expression -> . expression DIVIDE expression
    (14) expression -> . expression MOD expression
    (15) expression -> . expression LT expression
    (16) expression -> . expression LE expression
    (17) expression -> . expression GT expression
    (18) expression -> . expression GE expression
    (19) expression -> . expression EQ expression
    (20) expression -> . expression NE expression
    (21) expression -> . LPAREN expression RPAREN
    (22) expression -> . NUMBER
    (23) expression -> . FLOAT
    (24) expression -> . ID
    (25) expression -> . STRING

    error           shift and go to state 27
    LPAREN          shift and go to state 7
    NUMBER          shift and go to state 4
    FLOAT           shift and go to state 5
    ID              shift and go to state 28
    STRING          shift and go to state 12

    expression                     shift and go to state 46

state 26

    (21) expression -> LPAREN expression . RPAREN
    (10) expression -> expression . PLUS expression
    (11) expression -> expression . MINUS expression
    (12) expression -> expression . TIMES expression
    (13) expression -> expression . DIVIDE expression
    (14) expression -> expression . MOD expression
    (15) expression -> expression . LT expression
    (16) expression -> expression . LE expression
    (17) expression -> expression . GT expression
    (18) expression -> expression . GE expression
    (19) expression -> expression . EQ expression
    (20) expression -> expression . NE expression

    RPAREN          shift and go to state 47
    PLUS            shift and go to state 13
    MINUS           shift and go to state 14
    TIMES           shift and go to state 15
    DIVIDE          shift and go to state 16
    MOD             shift and go to state 17
    LT              shift and go to state 18
    LE              shift and go to state 19
    GT              shift and go to state 20
    GE              shift and go to state 21
    EQ              shift and go to state 22
    NE              shift and go to state 23


state 27

    (9) expression -> error . SEMICOLON

    SEMICOLON       shift and go to state 48


state 28

    (24) expression -> ID .

    RPAREN          reduce using rule 24 (expression -> ID .)
    PLUS            reduce using rule 24 (expression -> ID .)
    MINUS           reduce using rule 24 (expression -> ID .)
    TIMES           reduce using rule 24 (expression -> ID .)
    DIVIDE          reduce using rule 24 (expression -> ID .)
    MOD             reduce using rule 24 (expression -> ID .)
    LT              reduce using rule 24 (expression -> ID .)
    LE              reduce using rule 24 (expression -> ID .)
    GT              reduce using rule 24 (expression -> ID .)
    GE              reduce using rule 24 (expression -> ID .)
    EQ              reduce using rule 24 (expression -> ID .)
    NE              reduce using rule 24 (expression -> ID .)
    $end            reduce using rule 24 (expression -> ID .)
    RBRACE          reduce using rule 24 (expression -> ID .)
    error           reduce using rule 24 (expression -> ID .)
    LPAREN          reduce using rule 24 (expression -> ID .)
    NUMBER          reduce using rule 24 (expression -> ID .)
    FLOAT           reduce using rule 24 (expression -> ID .)
    ID              reduce using rule 24 (expression -> ID .)
    STRING          reduce using rule 24 (expression -> ID .)


state 29

    (5) statement -> WHILE LPAREN . expression RPAREN LBRACE statement RBRACE
    (9) expression -> . error SEMICOLON
    (10) expression -> . expression PLUS expression
    (11) expression -> . expression MINUS expression
    (12) expression -> . expression TIMES expression
    (13) expression -> . expression DIVIDE expression
    (14) expression -> . expression MOD expression
    (15) expression -> . expression LT expression
    (16) expression -> . expression LE expression
    (17) expression -> . expression GT expression
    (18) expression -> . expression GE expression
    (19) expression -> . expression EQ expression
    (20) expression -> . expression NE expression
    (21) expression -> . LPAREN expression RPAREN
    (22) expression -> . NUMBER
    (23) expression -> . FLOAT
    (24) expression -> . ID
    (25) expression -> . STRING

    error           shift and go to state 27
    LPAREN          shift and go to state 7
    NUMBER          shift and go to state 4
    FLOAT           shift and go to state 5
    ID              shift and go to state 28
    STRING          shift and go to state 12

    expression                     shift and go to state 49

state 30

    (6) statement -> DO LBRACE . statement RBRACE WHILE LPAREN expression RPAREN SEMICOLON
    (1) statement -> . expression
    (2) statement -> . ID ASSIGN NUMBER SEMICOLON
    (3) statement -> . ID ASSIGN FLOAT SEMICOLON
    (4) statement -> . IF LPAREN expression RPAREN LBRACE statement RBRACE ELSE LBRACE statement RBRACE
    (5) statement -> . WHILE LPAREN expression RPAREN LBRACE statement RBRACE
    (6) statement -> . DO LBRACE statement RBRACE WHILE LPAREN expression RPAREN SEMICOLON
    (7) statement -> . FOR LPAREN statement expression RPAREN LBRACE statement RBRACE
    (8) statement -> . error SEMICOLON
    (9) expression -> . error SEMICOLON
    (10) expression -> . expression PLUS expression
    (11) expression -> . expression MINUS expression
    (12) expression -> . expression TIMES expression
    (13) expression -> . expression DIVIDE expression
    (14) expression -> . expression MOD expression
    (15) expression -> . expression LT expression
    (16) expression -> . expression LE expression
    (17) expression -> . expression GT expression
    (18) expression -> . expression GE expression
    (19) expression -> . expression EQ expression
    (20) expression -> . expression NE expression
    (21) expression -> . LPAREN expression RPAREN
    (22) expression -> . NUMBER
    (23) expression -> . FLOAT
    (24) expression -> . ID
    (25) expression -> . STRING

    ID              shift and go to state 3
    IF              shift and go to state 6
    WHILE           shift and go to state 8
    DO              shift and go to state 9
    FOR             shift and go to state 10
    error           shift and go to state 11
    LPAREN          shift and go to state 7
    NUMBER          shift and go to state 4
    FLOAT           shift and go to state 5
    STRING          shift and go to state 12

    statement                      shift and go to state 50
    expression                     shift and go to state 2

state 31

    (7) statement -> FOR LPAREN . statement expression RPAREN LBRACE statement RBRACE
    (1) statement -> . expression
    (2) statement -> . ID ASSIGN NUMBER SEMICOLON
    (3) statement -> . ID ASSIGN FLOAT SEMICOLON
    (4) statement -> . IF LPAREN expression RPAREN LBRACE statement RBRACE ELSE LBRACE statement RBRACE
    (5) statement -> . WHILE LPAREN expression RPAREN LBRACE statement RBRACE
    (6) statement -> . DO LBRACE statement RBRACE WHILE LPAREN expression RPAREN SEMICOLON
    (7) statement -> . FOR LPAREN statement expression RPAREN LBRACE statement RBRACE
    (8) statement -> . error SEMICOLON
    (9) expression -> . error SEMICOLON
    (10) expression -> . expression PLUS expression
    (11) expression -> . expression MINUS expression
    (12) expression -> . expression TIMES expression
    (13) expression -> . expression DIVIDE expression
    (14) expression -> . expression MOD expression
    (15) expression -> . expression LT expression
    (16) expression -> . expression LE expression
    (17) expression -> . expression GT expression
    (18) expression -> . expression GE expression
    (19) expression -> . expression EQ expression
    (20) expression -> . expression NE expression
    (21) expression -> . LPAREN expression RPAREN
    (22) expression -> . NUMBER
    (23) expression -> . FLOAT
    (24) expression -> . ID
    (25) expression -> . STRING

    ID              shift and go to state 3
    IF              shift and go to state 6
    WHILE           shift and go to state 8
    DO              shift and go to state 9
    FOR             shift and go to state 10
    error           shift and go to state 11
    LPAREN          shift and go to state 7
    NUMBER          shift and go to state 4
    FLOAT           shift and go to state 5
    STRING          shift and go to state 12

    statement                      shift and go to state 51
    expression                     shift and go to state 2

state 32

    (8) statement -> error SEMICOLON .
    (9) expression -> error SEMICOLON .

  ! reduce/reduce conflict for $end resolved using rule 8 (statement -> error SEMICOLON .)
  ! reduce/reduce conflict for RBRACE resolved using rule 8 (statement -> error SEMICOLON .)
  ! reduce/reduce conflict for error resolved using rule 8 (statement -> error SEMICOLON .)
  ! reduce/reduce conflict for LPAREN resolved using rule 8 (statement -> error SEMICOLON .)
  ! reduce/reduce conflict for NUMBER resolved using rule 8 (statement -> error SEMICOLON .)
  ! reduce/reduce conflict for FLOAT resolved using rule 8 (statement -> error SEMICOLON .)
  ! reduce/reduce conflict for ID resolved using rule 8 (statement -> error SEMICOLON .)
  ! reduce/reduce conflict for STRING resolved using rule 8 (statement -> error SEMICOLON .)
    $end            reduce using rule 8 (statement -> error SEMICOLON .)
    RBRACE          reduce using rule 8 (statement -> error SEMICOLON .)
    error           reduce using rule 8 (statement -> error SEMICOLON .)
    LPAREN          reduce using rule 8 (statement -> error SEMICOLON .)
    NUMBER          reduce using rule 8 (statement -> error SEMICOLON .)
    FLOAT           reduce using rule 8 (statement -> error SEMICOLON .)
    ID              reduce using rule 8 (statement -> error SEMICOLON .)
    STRING          reduce using rule 8 (statement -> error SEMICOLON .)
    PLUS            reduce using rule 9 (expression -> error SEMICOLON .)
    MINUS           reduce using rule 9 (expression -> error SEMICOLON .)
    TIMES           reduce using rule 9 (expression -> error SEMICOLON .)
    DIVIDE          reduce using rule 9 (expression -> error SEMICOLON .)
    MOD             reduce using rule 9 (expression -> error SEMICOLON .)
    LT              reduce using rule 9 (expression -> error SEMICOLON .)
    LE              reduce using rule 9 (expression -> error SEMICOLON .)
    GT              reduce using rule 9 (expression -> error SEMICOLON .)
    GE              reduce using rule 9 (expression -> error SEMICOLON .)
    EQ              reduce using rule 9 (expression -> error SEMICOLON .)
    NE              reduce using rule 9 (expression -> error SEMICOLON .)

  ! $end            [ reduce using rule 9 (expression -> error SEMICOLON .) ]
  ! RBRACE          [ reduce using rule 9 (expression -> error SEMICOLON .) ]
  ! error           [ reduce using rule 9 (expression -> error SEMICOLON .) ]
  ! LPAREN          [ reduce using rule 9 (expression -> error SEMICOLON .) ]
  ! NUMBER          [ reduce using rule 9 (expression -> error SEMICOLON .) ]
  ! FLOAT           [ reduce using rule 9 (expression -> error SEMICOLON .) ]
  ! ID              [ reduce using rule 9 (expression -> error SEMICOLON .) ]
  ! STRING          [ reduce using rule 9 (expression -> error SEMICOLON .) ]


state 33

    (10) expression -> expression PLUS expression .
    (10) expression -> expression . PLUS expression
    (11) expression -> expression . MINUS expression
    (12) expression -> expression . TIMES expression
    (13) expression -> expression . DIVIDE expression
    (14) expression -> expression . MOD expression
    (15) expression -> expression . LT expression
    (16) expression -> expression . LE expression
    (17) expression -> expression . GT expression
    (18) expression -> expression . GE expression
    (19) expression -> expression . EQ expression
    (20) expression -> expression . NE expression

    PLUS            reduce using rule 10 (expression -> expression PLUS expression .)
    MINUS           reduce using rule 10 (expression -> expression PLUS expression .)
    MOD             reduce using rule 10 (expression -> expression PLUS expression .)
    LT              reduce using rule 10 (expression -> expression PLUS expression .)
    LE              reduce using rule 10 (expression -> expression PLUS expression .)
    GT              reduce using rule 10 (expression -> expression PLUS expression .)
    GE              reduce using rule 10 (expression -> expression PLUS expression .)
    EQ              reduce using rule 10 (expression -> expression PLUS expression .)
    NE              reduce using rule 10 (expression -> expression PLUS expression .)
    $end            reduce using rule 10 (expression -> expression PLUS expression .)
    RPAREN          reduce using rule 10 (expression -> expression PLUS expression .)
    RBRACE          reduce using rule 10 (expression -> expression PLUS expression .)
    error           reduce using rule 10 (expression -> expression PLUS expression .)
    LPAREN          reduce using rule 10 (expression -> expression PLUS expression .)
    NUMBER          reduce using rule 10 (expression -> expression PLUS expression .)
    FLOAT           reduce using rule 10 (expression -> expression PLUS expression .)
    ID              reduce using rule 10 (expression -> expression PLUS expression .)
    STRING          reduce using rule 10 (expression -> expression PLUS expression .)
    TIMES           shift and go to state 15
    DIVIDE          shift and go to state 16

  ! TIMES           [ reduce using rule 10 (expression -> expression PLUS expression .) ]
  ! DIVIDE          [ reduce using rule 10 (expression -> expression PLUS expression .) ]
  ! PLUS            [ shift and go to state 13 ]
  ! MINUS           [ shift and go to state 14 ]
  ! MOD             [ shift and go to state 17 ]
  ! LT              [ shift and go to state 18 ]
  ! LE              [ shift and go to state 19 ]
  ! GT              [ shift and go to state 20 ]
  ! GE              [ shift and go to state 21 ]
  ! EQ              [ shift and go to state 22 ]
  ! NE              [ shift and go to state 23 ]


state 34

    (11) expression -> expression MINUS expression .
    (10) expression -> expression . PLUS expression
    (11) expression -> expression . MINUS expression
    (12) expression -> expression . TIMES expression
    (13) expression -> expression . DIVIDE expression
    (14) expression -> expression . MOD expression
    (15) expression -> expression . LT expression
    (16) expression -> expression . LE expression
    (17) expression -> expression . GT expression
    (18) expression -> expression . GE expression
    (19) expression -> expression . EQ expression
    (20) expression -> expression . NE expression

    PLUS            reduce using rule 11 (expression -> expression MINUS expression .)
    MINUS           reduce using rule 11 (expression -> expression MINUS expression .)
    MOD             reduce using rule 11 (expression -> expression MINUS expression .)
    LT              reduce using rule 11 (expression -> expression MINUS expression .)
    LE              reduce using rule 11 (expression -> expression MINUS expression .)
    GT              reduce using rule 11 (expression -> expression MINUS expression .)
    GE              reduce using rule 11 (expression -> expression MINUS expression .)
    EQ              reduce using rule 11 (expression -> expression MINUS expression .)
    NE              reduce using rule 11 (expression -> expression MINUS expression .)
    $end            reduce using rule 11 (expression -> expression MINUS expression .)
    RPAREN          reduce using rule 11 (expression -> expression MINUS expression .)
    RBRACE          reduce using rule 11 (expression -> expression MINUS expression .)
    error           reduce using rule 11 (expression -> expression MINUS expression .)
    LPAREN          reduce using rule 11 (expression -> expression MINUS expression .)
    NUMBER          reduce using rule 11 (expression -> expression MINUS expression .)
    FLOAT           reduce using rule 11 (expression -> expression MINUS expression .)
    ID              reduce using rule 11 (expression -> expression MINUS expression .)
    STRING          reduce using rule 11 (expression -> expression MINUS expression .)
    TIMES           shift and go to state 15
    DIVIDE          shift and go to state 16

  ! TIMES           [ reduce using rule 11 (expression -> expression MINUS expression .) ]
  ! DIVIDE          [ reduce using rule 11 (expression -> expression MINUS expression .) ]
  ! PLUS            [ shift and go to state 13 ]
  ! MINUS           [ shift and go to state 14 ]
  ! MOD             [ shift and go to state 17 ]
  ! LT              [ shift and go to state 18 ]
  ! LE              [ shift and go to state 19 ]
  ! GT              [ shift and go to state 20 ]
  ! GE              [ shift and go to state 21 ]
  ! EQ              [ shift and go to state 22 ]
  ! NE              [ shift and go to state 23 ]


state 35

    (12) expression -> expression TIMES expression .
    (10) expression -> expression . PLUS expression
    (11) expression -> expression . MINUS expression
    (12) expression -> expression . TIMES expression
    (13) expression -> expression . DIVIDE expression
    (14) expression -> expression . MOD expression
    (15) expression -> expression . LT expression
    (16) expression -> expression . LE expression
    (17) expression -> expression . GT expression
    (18) expression -> expression . GE expression
    (19) expression -> expression . EQ expression
    (20) expression -> expression . NE expression

    PLUS            reduce using rule 12 (expression -> expression TIMES expression .)
    MINUS           reduce using rule 12 (expression -> expression TIMES expression .)
    TIMES           reduce using rule 12 (expression -> expression TIMES expression .)
    DIVIDE          reduce using rule 12 (expression -> expression TIMES expression .)
    MOD             reduce using rule 12 (expression -> expression TIMES expression .)
    LT              reduce using rule 12 (expression -> expression TIMES expression .)
    LE              reduce using rule 12 (expression -> expression TIMES expression .)
    GT              reduce using rule 12 (expression -> expression TIMES expression .)
    GE              reduce using rule 12 (expression -> expression TIMES expression .)
    EQ              reduce using rule 12 (expression -> expression TIMES expression .)
    NE              reduce using rule 12 (expression -> expression TIMES expression .)
    $end            reduce using rule 12 (expression -> expression TIMES expression .)
    RPAREN          reduce using rule 12 (expression -> expression TIMES expression .)
    RBRACE          reduce using rule 12 (expression -> expression TIMES expression .)
    error           reduce using rule 12 (expression -> expression TIMES expression .)
    LPAREN          reduce using rule 12 (expression -> expression TIMES expression .)
    NUMBER          reduce using rule 12 (expression -> expression TIMES expression .)
    FLOAT           reduce using rule 12 (expression -> expression TIMES expression .)
    ID              reduce using rule 12 (expression -> expression TIMES expression .)
    STRING          reduce using rule 12 (expression -> expression TIMES expression .)

  ! PLUS            [ shift and go to state 13 ]
  ! MINUS           [ shift and go to state 14 ]
  ! TIMES           [ shift and go to state 15 ]
  ! DIVIDE          [ shift and go to state 16 ]
  ! MOD             [ shift and go to state 17 ]
  ! LT              [ shift and go to state 18 ]
  ! LE              [ shift and go to state 19 ]
  ! GT              [ shift and go to state 20 ]
  ! GE              [ shift and go to state 21 ]
  ! EQ              [ shift and go to state 22 ]
  ! NE              [ shift and go to state 23 ]


state 36

    (13) expression -> expression DIVIDE expression .
    (10) expression -> expression . PLUS expression
    (11) expression -> expression . MINUS expression
    (12) expression -> expression . TIMES expression
    (13) expression -> expression . DIVIDE expression
    (14) expression -> expression . MOD expression
    (15) expression -> expression . LT expression
    (16) expression -> expression . LE expression
    (17) expression -> expression . GT expression
    (18) expression -> expression . GE expression
    (19) expression -> expression . EQ expression
    (20) expression -> expression . NE expression

    PLUS            reduce using rule 13 (expression -> expression DIVIDE expression .)
    MINUS           reduce using rule 13 (expression -> expression DIVIDE expression .)
    TIMES           reduce using rule 13 (expression -> expression DIVIDE expression .)
    DIVIDE          reduce using rule 13 (expression -> expression DIVIDE expression .)
    MOD             reduce using rule 13 (expression -> expression DIVIDE expression .)
    LT              reduce using rule 13 (expression -> expression DIVIDE expression .)
    LE              reduce using rule 13 (expression -> expression DIVIDE expression .)
    GT              reduce using rule 13 (expression -> expression DIVIDE expression .)
    GE              reduce using rule 13 (expression -> expression DIVIDE expression .)
    EQ              reduce using rule 13 (expression -> expression DIVIDE expression .)
    NE              reduce using rule 13 (expression -> expression DIVIDE expression .)
    $end            reduce using rule 13 (expression -> expression DIVIDE expression .)
    RPAREN          reduce using rule 13 (expression -> expression DIVIDE expression .)
    RBRACE          reduce using rule 13 (expression -> expression DIVIDE expression .)
    error           reduce using rule 13 (expression -> expression DIVIDE expression .)
    LPAREN          reduce using rule 13 (expression -> expression DIVIDE expression .)
    NUMBER          reduce using rule 13 (expression -> expression DIVIDE expression .)
    FLOAT           reduce using rule 13 (expression -> expression DIVIDE expression .)
    ID              reduce using rule 13 (expression -> expression DIVIDE expression .)
    STRING          reduce using rule 13 (expression -> expression DIVIDE expression .)

  ! PLUS            [ shift and go to state 13 ]
  ! MINUS           [ shift and go to state 14 ]
  ! TIMES           [ shift and go to state 15 ]
  ! DIVIDE          [ shift and go to state 16 ]
  ! MOD             [ shift and go to state 17 ]
  ! LT              [ shift and go to state 18 ]
  ! LE              [ shift and go to state 19 ]
  ! GT              [ shift and go to state 20 ]
  ! GE              [ shift and go to state 21 ]
  ! EQ              [ shift and go to state 22 ]
  ! NE              [ shift and go to state 23 ]


state 37

    (14) expression -> expression MOD expression .
    (10) expression -> expression . PLUS expression
    (11) expression -> expression . MINUS expression
    (12) expression -> expression . TIMES expression
    (13) expression -> expression . DIVIDE expression
    (14) expression -> expression . MOD expression
    (15) expression -> expression . LT expression
    (16) expression -> expression . LE expression
    (17) expression -> expression . GT expression
    (18) expression -> expression . GE expression
    (19) expression -> expression . EQ expression
    (20) expression -> expression . NE expression

  ! shift/reduce conflict for PLUS resolved as shift
  ! shift/reduce conflict for MINUS resolved as shift
  ! shift/reduce conflict for TIMES resolved as shift
  ! shift/reduce conflict for DIVIDE resolved as shift
  ! shift/reduce conflict for MOD resolved as shift
  ! shift/reduce conflict for LT resolved as shift
  ! shift/reduce conflict for LE resolved as shift
  ! shift/reduce conflict for GT resolved as shift
  ! shift/reduce conflict for GE resolved as shift
  ! shift/reduce conflict for EQ resolved as shift
  ! shift/reduce conflict for NE resolved as shift
    $end            reduce using rule 14 (expression -> expression MOD expression .)
    RPAREN          reduce using rule 14 (expression -> expression MOD expression .)
    RBRACE          reduce using rule 14 (expression -> expression MOD expression .)
    error           reduce using rule 14 (expression -> expression MOD expression .)
    LPAREN          reduce using rule 14 (expression -> expression MOD expression .)
    NUMBER          reduce using rule 14 (expression -> expression MOD expression .)
    FLOAT           reduce using rule 14 (expression -> expression MOD expression .)
    ID              reduce using rule 14 (expression -> expression MOD expression .)
    STRING          reduce using rule 14 (expression -> expression MOD expression .)
    PLUS            shift and go to state 13
    MINUS           shift and go to state 14
    TIMES           shift and go to state 15
    DIVIDE          shift and go to state 16
    MOD             shift and go to state 17
    LT              shift and go to state 18
    LE              shift and go to state 19
    GT              shift and go to state 20
    GE              shift and go to state 21
    EQ              shift and go to state 22
    NE              shift and go to state 23

  ! PLUS            [ reduce using rule 14 (expression -> expression MOD expression .) ]
  ! MINUS           [ reduce using rule 14 (expression -> expression MOD expression .) ]
  ! TIMES           [ reduce using rule 14 (expression -> expression MOD expression .) ]
  ! DIVIDE          [ reduce using rule 14 (expression -> expression MOD expression .) ]
  ! MOD             [ reduce using rule 14 (expression -> expression MOD expression .) ]
  ! LT              [ reduce using rule 14 (expression -> expression MOD expression .) ]
  ! LE              [ reduce using rule 14 (expression -> expression MOD expression .) ]
  ! GT              [ reduce using rule 14 (expression -> expression MOD expression .) ]
  ! GE              [ reduce using rule 14 (expression -> expression MOD expression .) ]
  ! EQ              [ reduce using rule 14 (expression -> expression MOD expression .) ]
  ! NE              [ reduce using rule 14 (expression -> expression MOD expression .) ]


state 38

    (15) expression -> expression LT expression .
    (10) expression -> expression . PLUS expression
    (11) expression -> expression . MINUS expression
    (12) expression -> expression . TIMES expression
    (13) expression -> expression . DIVIDE expression
    (14) expression -> expression . MOD expression
    (15) expression -> expression . LT expression
    (16) expression -> expression . LE expression
    (17) expression -> expression . GT expression
    (18) expression -> expression . GE expression
    (19) expression -> expression . EQ expression
    (20) expression -> expression . NE expression

    MOD             reduce using rule 15 (expression -> expression LT expression .)
    LT              reduce using rule 15 (expression -> expression LT expression .)
    LE              reduce using rule 15 (expression -> expression LT expression .)
    GT              reduce using rule 15 (expression -> expression LT expression .)
    GE              reduce using rule 15 (expression -> expression LT expression .)
    EQ              reduce using rule 15 (expression -> expression LT expression .)
    NE              reduce using rule 15 (expression -> expression LT expression .)
    $end            reduce using rule 15 (expression -> expression LT expression .)
    RPAREN          reduce using rule 15 (expression -> expression LT expression .)
    RBRACE          reduce using rule 15 (expression -> expression LT expression .)
    error           reduce using rule 15 (expression -> expression LT expression .)
    LPAREN          reduce using rule 15 (expression -> expression LT expression .)
    NUMBER          reduce using rule 15 (expression -> expression LT expression .)
    FLOAT           reduce using rule 15 (expression -> expression LT expression .)
    ID              reduce using rule 15 (expression -> expression LT expression .)
    STRING          reduce using rule 15 (expression -> expression LT expression .)
    PLUS            shift and go to state 13
    MINUS           shift and go to state 14
    TIMES           shift and go to state 15
    DIVIDE          shift and go to state 16

  ! PLUS            [ reduce using rule 15 (expression -> expression LT expression .) ]
  ! MINUS           [ reduce using rule 15 (expression -> expression LT expression .) ]
  ! TIMES           [ reduce using rule 15 (expression -> expression LT expression .) ]
  ! DIVIDE          [ reduce using rule 15 (expression -> expression LT expression .) ]
  ! MOD             [ shift and go to state 17 ]
  ! LT              [ shift and go to state 18 ]
  ! LE              [ shift and go to state 19 ]
  ! GT              [ shift and go to state 20 ]
  ! GE              [ shift and go to state 21 ]
  ! EQ              [ shift and go to state 22 ]
  ! NE              [ shift and go to state 23 ]


state 39

    (16) expression -> expression LE expression .
    (10) expression -> expression . PLUS expression
    (11) expression -> expression . MINUS expression
    (12) expression -> expression . TIMES expression
    (13) expression -> expression . DIVIDE expression
    (14) expression -> expression . MOD expression
    (15) expression -> expression . LT expression
    (16) expression -> expression . LE expression
    (17) expression -> expression . GT expression
    (18) expression -> expression . GE expression
    (19) expression -> expression . EQ expression
    (20) expression -> expression . NE expression

    MOD             reduce using rule 16 (expression -> expression LE expression .)
    LT              reduce using rule 16 (expression -> expression LE expression .)
    LE              reduce using rule 16 (expression -> expression LE expression .)
    GT              reduce using rule 16 (expression -> expression LE expression .)
    GE              reduce using rule 16 (expression -> expression LE expression .)
    EQ              reduce using rule 16 (expression -> expression LE expression .)
    NE              reduce using rule 16 (expression -> expression LE expression .)
    $end            reduce using rule 16 (expression -> expression LE expression .)
    RPAREN          reduce using rule 16 (expression -> expression LE expression .)
    RBRACE          reduce using rule 16 (expression -> expression LE expression .)
    error           reduce using rule 16 (expression -> expression LE expression .)
    LPAREN          reduce using rule 16 (expression -> expression LE expression .)
    NUMBER          reduce using rule 16 (expression -> expression LE expression .)
    FLOAT           reduce using rule 16 (expression -> expression LE expression .)
    ID              reduce using rule 16 (expression -> expression LE expression .)
    STRING          reduce using rule 16 (expression -> expression LE expression .)
    PLUS            shift and go to state 13
    MINUS           shift and go to state 14
    TIMES           shift and go to state 15
    DIVIDE          shift and go to state 16

  ! PLUS            [ reduce using rule 16 (expression -> expression LE expression .) ]
  ! MINUS           [ reduce using rule 16 (expression -> expression LE expression .) ]
  ! TIMES           [ reduce using rule 16 (expression -> expression LE expression .) ]
  ! DIVIDE          [ reduce using rule 16 (expression -> expression LE expression .) ]
  ! MOD             [ shift and go to state 17 ]
  ! LT              [ shift and go to state 18 ]
  ! LE              [ shift and go to state 19 ]
  ! GT              [ shift and go to state 20 ]
  ! GE              [ shift and go to state 21 ]
  ! EQ              [ shift and go to state 22 ]
  ! NE              [ shift and go to state 23 ]


state 40

    (17) expression -> expression GT expression .
    (10) expression -> expression . PLUS expression
    (11) expression -> expression . MINUS expression
    (12) expression -> expression . TIMES expression
    (13) expression -> expression . DIVIDE expression
    (14) expression -> expression . MOD expression
    (15) expression -> expression . LT expression
    (16) expression -> expression . LE expression
    (17) expression -> expression . GT expression
    (18) expression -> expression . GE expression
    (19) expression -> expression . EQ expression
    (20) expression -> expression . NE expression

    MOD             reduce using rule 17 (expression -> expression GT expression .)
    LT              reduce using rule 17 (expression -> expression GT expression .)
    LE              reduce using rule 17 (expression -> expression GT expression .)
    GT              reduce using rule 17 (expression -> expression GT expression .)
    GE              reduce using rule 17 (expression -> expression GT expression .)
    EQ              reduce using rule 17 (expression -> expression GT expression .)
    NE              reduce using rule 17 (expression -> expression GT expression .)
    $end            reduce using rule 17 (expression -> expression GT expression .)
    RPAREN          reduce using rule 17 (expression -> expression GT expression .)
    RBRACE          reduce using rule 17 (expression -> expression GT expression .)
    error           reduce using rule 17 (expression -> expression GT expression .)
    LPAREN          reduce using rule 17 (expression -> expression GT expression .)
    NUMBER          reduce using rule 17 (expression -> expression GT expression .)
    FLOAT           reduce using rule 17 (expression -> expression GT expression .)
    ID              reduce using rule 17 (expression -> expression GT expression .)
    STRING          reduce using rule 17 (expression -> expression GT expression .)
    PLUS            shift and go to state 13
    MINUS           shift and go to state 14
    TIMES           shift and go to state 15
    DIVIDE          shift and go to state 16

  ! PLUS            [ reduce using rule 17 (expression -> expression GT expression .) ]
  ! MINUS           [ reduce using rule 17 (expression -> expression GT expression .) ]
  ! TIMES           [ reduce using rule 17 (expression -> expression GT expression .) ]
  ! DIVIDE          [ reduce using rule 17 (expression -> expression GT expression .) ]
  ! MOD             [ shift and go to state 17 ]
  ! LT              [ shift and go to state 18 ]
  ! LE              [ shift and go to state 19 ]
  ! GT              [ shift and go to state 20 ]
  ! GE              [ shift and go to state 21 ]
  ! EQ              [ shift and go to state 22 ]
  ! NE              [ shift and go to state 23 ]


state 41

    (18) expression -> expression GE expression .
    (10) expression -> expression . PLUS expression
    (11) expression -> expression . MINUS expression
    (12) expression -> expression . TIMES expression
    (13) expression -> expression . DIVIDE expression
    (14) expression -> expression . MOD expression
    (15) expression -> expression . LT expression
    (16) expression -> expression . LE expression
    (17) expression -> expression . GT expression
    (18) expression -> expression . GE expression
    (19) expression -> expression . EQ expression
    (20) expression -> expression . NE expression

    MOD             reduce using rule 18 (expression -> expression GE expression .)
    LT              reduce using rule 18 (expression -> expression GE expression .)
    LE              reduce using rule 18 (expression -> expression GE expression .)
    GT              reduce using rule 18 (expression -> expression GE expression .)
    GE              reduce using rule 18 (expression -> expression GE expression .)
    EQ              reduce using rule 18 (expression -> expression GE expression .)
    NE              reduce using rule 18 (expression -> expression GE expression .)
    $end            reduce using rule 18 (expression -> expression GE expression .)
    RPAREN          reduce using rule 18 (expression -> expression GE expression .)
    RBRACE          reduce using rule 18 (expression -> expression GE expression .)
    error           reduce using rule 18 (expression -> expression GE expression .)
    LPAREN          reduce using rule 18 (expression -> expression GE expression .)
    NUMBER          reduce using rule 18 (expression -> expression GE expression .)
    FLOAT           reduce using rule 18 (expression -> expression GE expression .)
    ID              reduce using rule 18 (expression -> expression GE expression .)
    STRING          reduce using rule 18 (expression -> expression GE expression .)
    PLUS            shift and go to state 13
    MINUS           shift and go to state 14
    TIMES           shift and go to state 15
    DIVIDE          shift and go to state 16

  ! PLUS            [ reduce using rule 18 (expression -> expression GE expression .) ]
  ! MINUS           [ reduce using rule 18 (expression -> expression GE expression .) ]
  ! TIMES           [ reduce using rule 18 (expression -> expression GE expression .) ]
  ! DIVIDE          [ reduce using rule 18 (expression -> expression GE expression .) ]
  ! MOD             [ shift and go to state 17 ]
  ! LT              [ shift and go to state 18 ]
  ! LE              [ shift and go to state 19 ]
  ! GT              [ shift and go to state 20 ]
  ! GE              [ shift and go to state 21 ]
  ! EQ              [ shift and go to state 22 ]
  ! NE              [ shift and go to state 23 ]


state 42

    (19) expression -> expression EQ expression .
    (10) expression -> expression . PLUS expression
    (11) expression -> expression . MINUS expression
    (12) expression -> expression . TIMES expression
    (13) expression -> expression . DIVIDE expression
    (14) expression -> expression . MOD expression
    (15) expression -> expression . LT expression
    (16) expression -> expression . LE expression
    (17) expression -> expression . GT expression
    (18) expression -> expression . GE expression
    (19) expression -> expression . EQ expression
    (20) expression -> expression . NE expression

    MOD             reduce using rule 19 (expression -> expression EQ expression .)
    LT              reduce using rule 19 (expression -> expression EQ expression .)
    LE              reduce using rule 19 (expression -> expression EQ expression .)
    GT              reduce using rule 19 (expression -> expression EQ expression .)
    GE              reduce using rule 19 (expression -> expression EQ expression .)
    EQ              reduce using rule 19 (expression -> expression EQ expression .)
    NE              reduce using rule 19 (expression -> expression EQ expression .)
    $end            reduce using rule 19 (expression -> expression EQ expression .)
    RPAREN          reduce using rule 19 (expression -> expression EQ expression .)
    RBRACE          reduce using rule 19 (expression -> expression EQ expression .)
    error           reduce using rule 19 (expression -> expression EQ expression .)
    LPAREN          reduce using rule 19 (expression -> expression EQ expression .)
    NUMBER          reduce using rule 19 (expression -> expression EQ expression .)
    FLOAT           reduce using rule 19 (expression -> expression EQ expression .)
    ID              reduce using rule 19 (expression -> expression EQ expression .)
    STRING          reduce using rule 19 (expression -> expression EQ expression .)
    PLUS            shift and go to state 13
    MINUS           shift and go to state 14
    TIMES           shift and go to state 15
    DIVIDE          shift and go to state 16

  ! PLUS            [ reduce using rule 19 (expression -> expression EQ expression .) ]
  ! MINUS           [ reduce using rule 19 (expression -> expression EQ expression .) ]
  ! TIMES           [ reduce using rule 19 (expression -> expression EQ expression .) ]
  ! DIVIDE          [ reduce using rule 19 (expression -> expression EQ expression .) ]
  ! MOD             [ shift and go to state 17 ]
  ! LT              [ shift and go to state 18 ]
  ! LE              [ shift and go to state 19 ]
  ! GT              [ shift and go to state 20 ]
  ! GE              [ shift and go to state 21 ]
  ! EQ              [ shift and go to state 22 ]
  ! NE              [ shift and go to state 23 ]


state 43

    (20) expression -> expression NE expression .
    (10) expression -> expression . PLUS expression
    (11) expression -> expression . MINUS expression
    (12) expression -> expression . TIMES expression
    (13) expression -> expression . DIVIDE expression
    (14) expression -> expression . MOD expression
    (15) expression -> expression . LT expression
    (16) expression -> expression . LE expression
    (17) expression -> expression . GT expression
    (18) expression -> expression . GE expression
    (19) expression -> expression . EQ expression
    (20) expression -> expression . NE expression

    MOD             reduce using rule 20 (expression -> expression NE expression .)
    LT              reduce using rule 20 (expression -> expression NE expression .)
    LE              reduce using rule 20 (expression -> expression NE expression .)
    GT              reduce using rule 20 (expression -> expression NE expression .)
    GE              reduce using rule 20 (expression -> expression NE expression .)
    EQ              reduce using rule 20 (expression -> expression NE expression .)
    NE              reduce using rule 20 (expression -> expression NE expression .)
    $end            reduce using rule 20 (expression -> expression NE expression .)
    RPAREN          reduce using rule 20 (expression -> expression NE expression .)
    RBRACE          reduce using rule 20 (expression -> expression NE expression .)
    error           reduce using rule 20 (expression -> expression NE expression .)
    LPAREN          reduce using rule 20 (expression -> expression NE expression .)
    NUMBER          reduce using rule 20 (expression -> expression NE expression .)
    FLOAT           reduce using rule 20 (expression -> expression NE expression .)
    ID              reduce using rule 20 (expression -> expression NE expression .)
    STRING          reduce using rule 20 (expression -> expression NE expression .)
    PLUS            shift and go to state 13
    MINUS           shift and go to state 14
    TIMES           shift and go to state 15
    DIVIDE          shift and go to state 16

  ! PLUS            [ reduce using rule 20 (expression -> expression NE expression .) ]
  ! MINUS           [ reduce using rule 20 (expression -> expression NE expression .) ]
  ! TIMES           [ reduce using rule 20 (expression -> expression NE expression .) ]
  ! DIVIDE          [ reduce using rule 20 (expression -> expression NE expression .) ]
  ! MOD             [ shift and go to state 17 ]
  ! LT              [ shift and go to state 18 ]
  ! LE              [ shift and go to state 19 ]
  ! GT              [ shift and go to state 20 ]
  ! GE              [ shift and go to state 21 ]
  ! EQ              [ shift and go to state 22 ]
  ! NE              [ shift and go to state 23 ]


state 44

    (2) statement -> ID ASSIGN NUMBER . SEMICOLON

    SEMICOLON       shift and go to state 52


state 45

    (3) statement -> ID ASSIGN FLOAT . SEMICOLON

    SEMICOLON       shift and go to state 53


state 46

    (4) statement -> IF LPAREN expression . RPAREN LBRACE statement RBRACE ELSE LBRACE statement RBRACE
    (10) expression -> expression . PLUS expression
    (11) expression -> expression . MINUS expression
    (12) expression -> expression . TIMES expression
    (13) expression -> expression . DIVIDE expression
    (14) expression -> expression . MOD expression
    (15) expression -> expression . LT expression
    (16) expression -> expression . LE expression
    (17) expression -> expression . GT expression
    (18) expression -> expression . GE expression
    (19) expression -> expression . EQ expression
    (20) expression -> expression . NE expression

    RPAREN          shift and go to state 54
    PLUS            shift and go to state 13
    MINUS           shift and go to state 14
    TIMES           shift and go to state 15
    DIVIDE          shift and go to state 16
    MOD             shift and go to state 17
    LT              shift and go to state 18
    LE              shift and go to state 19
    GT              shift and go to state 20
    GE              shift and go to state 21
    EQ              shift and go to state 22
    NE              shift and go to state 23


state 47

    (21) expression -> LPAREN expression RPAREN .

    PLUS            reduce using rule 21 (expression -> LPAREN expression RPAREN .)
    MINUS           reduce using rule 21 (expression -> LPAREN expression RPAREN .)
    TIMES           reduce using rule 21 (expression -> LPAREN expression RPAREN .)
    DIVIDE          reduce using rule 21 (expression -> LPAREN expression RPAREN .)
    MOD             reduce using rule 21 (expression -> LPAREN expression RPAREN .)
    LT              reduce using rule 21 (expression -> LPAREN expression RPAREN .)
    LE              reduce using rule 21 (expression -> LPAREN expression RPAREN .)
    GT              reduce using rule 21 (expression -> LPAREN expression RPAREN .)
    GE              reduce using rule 21 (expression -> LPAREN expression RPAREN .)
    EQ              reduce using rule 21 (expression -> LPAREN expression RPAREN .)
    NE              reduce using rule 21 (expression -> LPAREN expression RPAREN .)
    $end            reduce using rule 21 (expression -> LPAREN expression RPAREN .)
    RPAREN          reduce using rule 21 (expression -> LPAREN expression RPAREN .)
    RBRACE          reduce using rule 21 (expression -> LPAREN expression RPAREN .)
    error           reduce using rule 21 (expression -> LPAREN expression RPAREN .)
    LPAREN          reduce using rule 21 (expression -> LPAREN expression RPAREN .)
    NUMBER          reduce using rule 21 (expression -> LPAREN expression RPAREN .)
    FLOAT           reduce using rule 21 (expression -> LPAREN expression RPAREN .)
    ID              reduce using rule 21 (expression -> LPAREN expression RPAREN .)
    STRING          reduce using rule 21 (expression -> LPAREN expression RPAREN .)


state 48

    (9) expression -> error SEMICOLON .

    RPAREN          reduce using rule 9 (expression -> error SEMICOLON .)
    PLUS            reduce using rule 9 (expression -> error SEMICOLON .)
    MINUS           reduce using rule 9 (expression -> error SEMICOLON .)
    TIMES           reduce using rule 9 (expression -> error SEMICOLON .)
    DIVIDE          reduce using rule 9 (expression -> error SEMICOLON .)
    MOD             reduce using rule 9 (expression -> error SEMICOLON .)
    LT              reduce using rule 9 (expression -> error SEMICOLON .)
    LE              reduce using rule 9 (expression -> error SEMICOLON .)
    GT              reduce using rule 9 (expression -> error SEMICOLON .)
    GE              reduce using rule 9 (expression -> error SEMICOLON .)
    EQ              reduce using rule 9 (expression -> error SEMICOLON .)
    NE              reduce using rule 9 (expression -> error SEMICOLON .)
    $end            reduce using rule 9 (expression -> error SEMICOLON .)
    RBRACE          reduce using rule 9 (expression -> error SEMICOLON .)
    error           reduce using rule 9 (expression -> error SEMICOLON .)
    LPAREN          reduce using rule 9 (expression -> error SEMICOLON .)
    NUMBER          reduce using rule 9 (expression -> error SEMICOLON .)
    FLOAT           reduce using rule 9 (expression -> error SEMICOLON .)
    ID              reduce using rule 9 (expression -> error SEMICOLON .)
    STRING          reduce using rule 9 (expression -> error SEMICOLON .)


state 49

    (5) statement -> WHILE LPAREN expression . RPAREN LBRACE statement RBRACE
    (10) expression -> expression . PLUS expression
    (11) expression -> expression . MINUS expression
    (12) expression -> expression . TIMES expression
    (13) expression -> expression . DIVIDE expression
    (14) expression -> expression . MOD expression
    (15) expression -> expression . LT expression
    (16) expression -> expression . LE expression
    (17) expression -> expression . GT expression
    (18) expression -> expression . GE expression
    (19) expression -> expression . EQ expression
    (20) expression -> expression . NE expression

    RPAREN          shift and go to state 55
    PLUS            shift and go to state 13
    MINUS           shift and go to state 14
    TIMES           shift and go to state 15
    DIVIDE          shift and go to state 16
    MOD             shift and go to state 17
    LT              shift and go to state 18
    LE              shift and go to state 19
    GT              shift and go to state 20
    GE              shift and go to state 21
    EQ              shift and go to state 22
    NE              shift and go to state 23


state 50

    (6) statement -> DO LBRACE statement . RBRACE WHILE LPAREN expression RPAREN SEMICOLON

    RBRACE          shift and go to state 56


state 51

    (7) statement -> FOR LPAREN statement . expression RPAREN LBRACE statement RBRACE
    (9) expression -> . error SEMICOLON
    (10) expression -> . expression PLUS expression
    (11) expression -> . expression MINUS expression
    (12) expression -> . expression TIMES expression
    (13) expression -> . expression DIVIDE expression
    (14) expression -> . expression MOD expression
    (15) expression -> . expression LT expression
    (16) expression -> . expression LE expression
    (17) expression -> . expression GT expression
    (18) expression -> . expression GE expression
    (19) expression -> . expression EQ expression
    (20) expression -> . expression NE expression
    (21) expression -> . LPAREN expression RPAREN
    (22) expression -> . NUMBER
    (23) expression -> . FLOAT
    (24) expression -> . ID
    (25) expression -> . STRING

    error           shift and go to state 27
    LPAREN          shift and go to state 7
    NUMBER          shift and go to state 4
    FLOAT           shift and go to state 5
    ID              shift and go to state 28
    STRING          shift and go to state 12

    expression                     shift and go to state 57

state 52

    (2) statement -> ID ASSIGN NUMBER SEMICOLON .

    $end            reduce using rule 2 (statement -> ID ASSIGN NUMBER SEMICOLON .)
    RBRACE          reduce using rule 2 (statement -> ID ASSIGN NUMBER SEMICOLON .)
    error           reduce using rule 2 (statement -> ID ASSIGN NUMBER SEMICOLON .)
    LPAREN          reduce using rule 2 (statement -> ID ASSIGN NUMBER SEMICOLON .)
    NUMBER          reduce using rule 2 (statement -> ID ASSIGN NUMBER SEMICOLON .)
    FLOAT           reduce using rule 2 (statement -> ID ASSIGN NUMBER SEMICOLON .)
    ID              reduce using rule 2 (statement -> ID ASSIGN NUMBER SEMICOLON .)
    STRING          reduce using rule 2 (statement -> ID ASSIGN NUMBER SEMICOLON .)


state 53

    (3) statement -> ID ASSIGN FLOAT SEMICOLON .

    $end            reduce using rule 3 (statement -> ID ASSIGN FLOAT SEMICOLON .)
    RBRACE          reduce using rule 3 (statement -> ID ASSIGN FLOAT SEMICOLON .)
    error           reduce using rule 3 (statement -> ID ASSIGN FLOAT SEMICOLON .)
    LPAREN          reduce using rule 3 (statement -> ID ASSIGN FLOAT SEMICOLON .)
    NUMBER          reduce using rule 3 (statement -> ID ASSIGN FLOAT SEMICOLON .)
    FLOAT           reduce using rule 3 (statement -> ID ASSIGN FLOAT SEMICOLON .)
    ID              reduce using rule 3 (statement -> ID ASSIGN FLOAT SEMICOLON .)
    STRING          reduce using rule 3 (statement -> ID ASSIGN FLOAT SEMICOLON .)


state 54

    (4) statement -> IF LPAREN expression RPAREN . LBRACE statement RBRACE ELSE LBRACE statement RBRACE

    LBRACE          shift and go to state 58


state 55

    (5) statement -> WHILE LPAREN expression RPAREN . LBRACE statement RBRACE

    LBRACE          shift and go to state 59


state 56

    (6) statement -> DO LBRACE statement RBRACE . WHILE LPAREN expression RPAREN SEMICOLON

    WHILE           shift and go to state 60


state 57

    (7) statement -> FOR LPAREN statement expression . RPAREN LBRACE statement RBRACE
    (10) expression -> expression . PLUS expression
    (11) expression -> expression . MINUS expression
    (12) expression -> expression . TIMES expression
    (13) expression -> expression . DIVIDE expression
    (14) expression -> expression . MOD expression
    (15) expression -> expression . LT expression
    (16) expression -> expression . LE expression
    (17) expression -> expression . GT expression
    (18) expression -> expression . GE expression
    (19) expression -> expression . EQ expression
    (20) expression -> expression . NE expression

    RPAREN          shift and go to state 61
    PLUS            shift and go to state 13
    MINUS           shift and go to state 14
    TIMES           shift and go to state 15
    DIVIDE          shift and go to state 16
    MOD             shift and go to state 17
    LT              shift and go to state 18
    LE              shift and go to state 19
    GT              shift and go to state 20
    GE              shift and go to state 21
    EQ              shift and go to state 22
    NE              shift and go to state 23


state 58

    (4) statement -> IF LPAREN expression RPAREN LBRACE . statement RBRACE ELSE LBRACE statement RBRACE
    (1) statement -> . expression
    (2) statement -> . ID ASSIGN NUMBER SEMICOLON
    (3) statement -> . ID ASSIGN FLOAT SEMICOLON
    (4) statement -> . IF LPAREN expression RPAREN LBRACE statement RBRACE ELSE LBRACE statement RBRACE
    (5) statement -> . WHILE LPAREN expression RPAREN LBRACE statement RBRACE
    (6) statement -> . DO LBRACE statement RBRACE WHILE LPAREN expression RPAREN SEMICOLON
    (7) statement -> . FOR LPAREN statement expression RPAREN LBRACE statement RBRACE
    (8) statement -> . error SEMICOLON
    (9) expression -> . error SEMICOLON
    (10) expression -> . expression PLUS expression
    (11) expression -> . expression MINUS expression
    (12) expression -> . expression TIMES expression
    (13) expression -> . expression DIVIDE expression
    (14) expression -> . expression MOD expression
    (15) expression -> . expression LT expression
    (16) expression -> . expression LE expression
    (17) expression -> . expression GT expression
    (18) expression -> . expression GE expression
    (19) expression -> . expression EQ expression
    (20) expression -> . expression NE expression
    (21) expression -> . LPAREN expression RPAREN
    (22) expression -> . NUMBER
    (23) expression -> . FLOAT
    (24) expression -> . ID
    (25) expression -> . STRING

    ID              shift and go to state 3
    IF              shift and go to state 6
    WHILE           shift and go to state 8
    DO              shift and go to state 9
    FOR             shift and go to state 10
    error           shift and go to state 11
    LPAREN          shift and go to state 7
    NUMBER          shift and go to state 4
    FLOAT           shift and go to state 5
    STRING          shift and go to state 12

    expression                     shift and go to state 2
    statement                      shift and go to state 62

state 59

    (5) statement -> WHILE LPAREN expression RPAREN LBRACE . statement RBRACE
    (1) statement -> . expression
    (2) statement -> . ID ASSIGN NUMBER SEMICOLON
    (3) statement -> . ID ASSIGN FLOAT SEMICOLON
    (4) statement -> . IF LPAREN expression RPAREN LBRACE statement RBRACE ELSE LBRACE statement RBRACE
    (5) statement -> . WHILE LPAREN expression RPAREN LBRACE statement RBRACE
    (6) statement -> . DO LBRACE statement RBRACE WHILE LPAREN expression RPAREN SEMICOLON
    (7) statement -> . FOR LPAREN statement expression RPAREN LBRACE statement RBRACE
    (8) statement -> . error SEMICOLON
    (9) expression -> . error SEMICOLON
    (10) expression -> . expression PLUS expression
    (11) expression -> . expression MINUS expression
    (12) expression -> . expression TIMES expression
    (13) expression -> . expression DIVIDE expression
    (14) expression -> . expression MOD expression
    (15) expression -> . expression LT expression
    (16) expression -> . expression LE expression
    (17) expression -> . expression GT expression
    (18) expression -> . expression GE expression
    (19) expression -> . expression EQ expression
    (20) expression -> . expression NE expression
    (21) expression -> . LPAREN expression RPAREN
    (22) expression -> . NUMBER
    (23) expression -> . FLOAT
    (24) expression -> . ID
    (25) expression -> . STRING

    ID              shift and go to state 3
    IF              shift and go to state 6
    WHILE           shift and go to state 8
    DO              shift and go to state 9
    FOR             shift and go to state 10
    error           shift and go to state 11
    LPAREN          shift and go to state 7
    NUMBER          shift and go to state 4
    FLOAT           shift and go to state 5
    STRING          shift and go to state 12

    expression                     shift and go to state 2
    statement                      shift and go to state 63

state 60

    (6) statement -> DO LBRACE statement RBRACE WHILE . LPAREN expression RPAREN SEMICOLON

    LPAREN          shift and go to state 64


state 61

    (7) statement -> FOR LPAREN statement expression RPAREN . LBRACE statement RBRACE

    LBRACE          shift and go to state 65


state 62

    (4) statement -> IF LPAREN expression RPAREN LBRACE statement . RBRACE ELSE LBRACE statement RBRACE

    RBRACE          shift and go to state 66


state 63

    (5) statement -> WHILE LPAREN expression RPAREN LBRACE statement . RBRACE

    RBRACE          shift and go to state 67


state 64

    (6) statement -> DO LBRACE statement RBRACE WHILE LPAREN . expression RPAREN SEMICOLON
    (9) expression -> . error SEMICOLON
    (10) expression -> . expression PLUS expression
    (11) expression -> . expression MINUS expression
    (12) expression -> . expression TIMES expression
    (13) expression -> . expression DIVIDE expression
    (14) expression -> . expression MOD expression
    (15) expression -> . expression LT expression
    (16) expression -> . expression LE expression
    (17) expression -> . expression GT expression
    (18) expression -> . expression GE expression
    (19) expression -> . expression EQ expression
    (20) expression -> . expression NE expression
    (21) expression -> . LPAREN expression RPAREN
    (22) expression -> . NUMBER
    (23) expression -> . FLOAT
    (24) expression -> . ID
    (25) expression -> . STRING

    error           shift and go to state 27
    LPAREN          shift and go to state 7
    NUMBER          shift and go to state 4
    FLOAT           shift and go to state 5
    ID              shift and go to state 28
    STRING          shift and go to state 12

    expression                     shift and go to state 68

state 65

    (7) statement -> FOR LPAREN statement expression RPAREN LBRACE . statement RBRACE
    (1) statement -> . expression
    (2) statement -> . ID ASSIGN NUMBER SEMICOLON
    (3) statement -> . ID ASSIGN FLOAT SEMICOLON
    (4) statement -> . IF LPAREN expression RPAREN LBRACE statement RBRACE ELSE LBRACE statement RBRACE
    (5) statement -> . WHILE LPAREN expression RPAREN LBRACE statement RBRACE
    (6) statement -> . DO LBRACE statement RBRACE WHILE LPAREN expression RPAREN SEMICOLON
    (7) statement -> . FOR LPAREN statement expression RPAREN LBRACE statement RBRACE
    (8) statement -> . error SEMICOLON
    (9) expression -> . error SEMICOLON
    (10) expression -> . expression PLUS expression
    (11) expression -> . expression MINUS expression
    (12) expression -> . expression TIMES expression
    (13) expression -> . expression DIVIDE expression
    (14) expression -> . expression MOD expression
    (15) expression -> . expression LT expression
    (16) expression -> . expression LE expression
    (17) expression -> . expression GT expression
    (18) expression -> . expression GE expression
    (19) expression -> . expression EQ expression
    (20) expression -> . expression NE expression
    (21) expression -> . LPAREN expression RPAREN
    (22) expression -> . NUMBER
    (23) expression -> . FLOAT
    (24) expression -> . ID
    (25) expression -> . STRING

    ID              shift and go to state 3
    IF              shift and go to state 6
    WHILE           shift and go to state 8
    DO              shift and go to state 9
    FOR             shift and go to state 10
    error           shift and go to state 11
    LPAREN          shift and go to state 7
    NUMBER          shift and go to state 4
    FLOAT           shift and go to state 5
    STRING          shift and go to state 12

    statement                      shift and go to state 69
    expression                     shift and go to state 2

state 66

    (4) statement -> IF LPAREN expression RPAREN LBRACE statement RBRACE . ELSE LBRACE statement RBRACE

    ELSE            shift and go to state 70


state 67

    (5) statement -> WHILE LPAREN expression RPAREN LBRACE statement RBRACE .

    $end            reduce using rule 5 (statement -> WHILE LPAREN expression RPAREN LBRACE statement RBRACE .)
    RBRACE          reduce using rule 5 (statement -> WHILE LPAREN expression RPAREN LBRACE statement RBRACE .)
    error           reduce using rule 5 (statement -> WHILE LPAREN expression RPAREN LBRACE statement RBRACE .)
    LPAREN          reduce using rule 5 (statement -> WHILE LPAREN expression RPAREN LBRACE statement RBRACE .)
    NUMBER          reduce using rule 5 (statement -> WHILE LPAREN expression RPAREN LBRACE statement RBRACE .)
    FLOAT           reduce using rule 5 (statement -> WHILE LPAREN expression RPAREN LBRACE statement RBRACE .)
    ID              reduce using rule 5 (statement -> WHILE LPAREN expression RPAREN LBRACE statement RBRACE .)
    STRING          reduce using rule 5 (statement -> WHILE LPAREN expression RPAREN LBRACE statement RBRACE .)


state 68

    (6) statement -> DO LBRACE statement RBRACE WHILE LPAREN expression . RPAREN SEMICOLON
    (10) expression -> expression . PLUS expression
    (11) expression -> expression . MINUS expression
    (12) expression -> expression . TIMES expression
    (13) expression -> expression . DIVIDE expression
    (14) expression -> expression . MOD expression
    (15) expression -> expression . LT expression
    (16) expression -> expression . LE expression
    (17) expression -> expression . GT expression
    (18) expression -> expression . GE expression
    (19) expression -> expression . EQ expression
    (20) expression -> expression . NE expression

    RPAREN          shift and go to state 71
    PLUS            shift and go to state 13
    MINUS           shift and go to state 14
    TIMES           shift and go to state 15
    DIVIDE          shift and go to state 16
    MOD             shift and go to state 17
    LT              shift and go to state 18
    LE              shift and go to state 19
    GT              shift and go to state 20
    GE              shift and go to state 21
    EQ              shift and go to state 22
    NE              shift and go to state 23


state 69

    (7) statement -> FOR LPAREN statement expression RPAREN LBRACE statement . RBRACE

    RBRACE          shift and go to state 72


state 70

    (4) statement -> IF LPAREN expression RPAREN LBRACE statement RBRACE ELSE . LBRACE statement RBRACE

    LBRACE          shift and go to state 73


state 71

    (6) statement -> DO LBRACE statement RBRACE WHILE LPAREN expression RPAREN . SEMICOLON

    SEMICOLON       shift and go to state 74


state 72

    (7) statement -> FOR LPAREN statement expression RPAREN LBRACE statement RBRACE .

    $end            reduce using rule 7 (statement -> FOR LPAREN statement expression RPAREN LBRACE statement RBRACE .)
    RBRACE          reduce using rule 7 (statement -> FOR LPAREN statement expression RPAREN LBRACE statement RBRACE .)
    error           reduce using rule 7 (statement -> FOR LPAREN statement expression RPAREN LBRACE statement RBRACE .)
    LPAREN          reduce using rule 7 (statement -> FOR LPAREN statement expression RPAREN LBRACE statement RBRACE .)
    NUMBER          reduce using rule 7 (statement -> FOR LPAREN statement expression RPAREN LBRACE statement RBRACE .)
    FLOAT           reduce using rule 7 (statement -> FOR LPAREN statement expression RPAREN LBRACE statement RBRACE .)
    ID              reduce using rule 7 (statement -> FOR LPAREN statement expression RPAREN LBRACE statement RBRACE .)
    STRING          reduce using rule 7 (statement -> FOR LPAREN statement expression RPAREN LBRACE statement RBRACE .)


state 73

    (4) statement -> IF LPAREN expression RPAREN LBRACE statement RBRACE ELSE LBRACE . statement RBRACE
    (1) statement -> . expression
    (2) statement -> . ID ASSIGN NUMBER SEMICOLON
    (3) statement -> . ID ASSIGN FLOAT SEMICOLON
    (4) statement -> . IF LPAREN expression RPAREN LBRACE statement RBRACE ELSE LBRACE statement RBRACE
    (5) statement -> . WHILE LPAREN expression RPAREN LBRACE statement RBRACE
    (6) statement -> . DO LBRACE statement RBRACE WHILE LPAREN expression RPAREN SEMICOLON
    (7) statement -> . FOR LPAREN statement expression RPAREN LBRACE statement RBRACE
    (8) statement -> . error SEMICOLON
    (9) expression -> . error SEMICOLON
    (10) expression -> . expression PLUS expression
    (11) expression -> . expression MINUS expression
    (12) expression -> . expression TIMES expression
    (13) expression -> . expression DIVIDE expression
    (14) expression -> . expression MOD expression
    (15) expression -> . expression LT expression
    (16) expression -> . expression LE expression
    (17) expression -> . expression GT expression
    (18) expression -> . expression GE expression
    (19) expression -> . expression EQ expression
    (20) expression -> . expression NE expression
    (21) expression -> . LPAREN expression RPAREN
    (22) expression -> . NUMBER
    (23) expression -> . FLOAT
    (24) expression -> . ID
    (25) expression -> . STRING

    ID              shift and go to state 3
    IF              shift and go to state 6
    WHILE           shift and go to state 8
    DO              shift and go to state 9
    FOR             shift and go to state 10
    error           shift and go to state 11
    LPAREN          shift and go to state 7
    NUMBER          shift and go to state 4
    FLOAT           shift and go to state 5
    STRING          shift and go to state 12

    expression                     shift and go to state 2
    statement                      shift and go to state 75

state 74

    (6) statement -> DO LBRACE statement RBRACE WHILE LPAREN expression RPAREN SEMICOLON .

    $end            reduce using rule 6 (statement -> DO LBRACE statement RBRACE WHILE LPAREN expression RPAREN SEMICOLON .)
    RBRACE          reduce using rule 6 (statement -> DO LBRACE statement RBRACE WHILE LPAREN expression RPAREN SEMICOLON .)
    error           reduce using rule 6 (statement -> DO LBRACE statement RBRACE WHILE LPAREN expression RPAREN SEMICOLON .)
    LPAREN          reduce using rule 6 (statement -> DO LBRACE statement RBRACE WHILE LPAREN expression RPAREN SEMICOLON .)
    NUMBER          reduce using rule 6 (statement -> DO LBRACE statement RBRACE WHILE LPAREN expression RPAREN SEMICOLON .)
    FLOAT           reduce using rule 6 (statement -> DO LBRACE statement RBRACE WHILE LPAREN expression RPAREN SEMICOLON .)
    ID              reduce using rule 6 (statement -> DO LBRACE statement RBRACE WHILE LPAREN expression RPAREN SEMICOLON .)
    STRING          reduce using rule 6 (statement -> DO LBRACE statement RBRACE WHILE LPAREN expression RPAREN SEMICOLON .)


state 75

    (4) statement -> IF LPAREN expression RPAREN LBRACE statement RBRACE ELSE LBRACE statement . RBRACE

    RBRACE          shift and go to state 76


state 76

    (4) statement -> IF LPAREN expression RPAREN LBRACE statement RBRACE ELSE LBRACE statement RBRACE .

    $end            reduce using rule 4 (statement -> IF LPAREN expression RPAREN LBRACE statement RBRACE ELSE LBRACE statement RBRACE .)
    RBRACE          reduce using rule 4 (statement -> IF LPAREN expression RPAREN LBRACE statement RBRACE ELSE LBRACE statement RBRACE .)
    error           reduce using rule 4 (statement -> IF LPAREN expression RPAREN LBRACE statement RBRACE ELSE LBRACE statement RBRACE .)
    LPAREN          reduce using rule 4 (statement -> IF LPAREN expression RPAREN LBRACE statement RBRACE ELSE LBRACE statement RBRACE .)
    NUMBER          reduce using rule 4 (statement -> IF LPAREN expression RPAREN LBRACE statement RBRACE ELSE LBRACE statement RBRACE .)
    FLOAT           reduce using rule 4 (statement -> IF LPAREN expression RPAREN LBRACE statement RBRACE ELSE LBRACE statement RBRACE .)
    ID              reduce using rule 4 (statement -> IF LPAREN expression RPAREN LBRACE statement RBRACE ELSE LBRACE statement RBRACE .)
    STRING          reduce using rule 4 (statement -> IF LPAREN expression RPAREN LBRACE statement RBRACE ELSE LBRACE statement RBRACE .)

WARNING: 
WARNING: Conflicts:
WARNING: 
WARNING: shift/reduce conflict for PLUS in state 37 resolved as shift
WARNING: shift/reduce conflict for MINUS in state 37 resolved as shift
WARNING: shift/reduce conflict for TIMES in state 37 resolved as shift
WARNING: shift/reduce conflict for DIVIDE in state 37 resolved as shift
WARNING: shift/reduce conflict for MOD in state 37 resolved as shift
WARNING: shift/reduce conflict for LT in state 37 resolved as shift
WARNING: shift/reduce conflict for LE in state 37 resolved as shift
WARNING: shift/reduce conflict for GT in state 37 resolved as shift
WARNING: shift/reduce conflict for GE in state 37 resolved as shift
WARNING: shift/reduce conflict for EQ in state 37 resolved as shift
WARNING: shift/reduce conflict for NE in state 37 resolved as shift
WARNING: reduce/reduce conflict in state 32 resolved using rule (statement -> error SEMICOLON)
WARNING: rejected rule (expression -> error SEMICOLON) in state 32
